*******************************************************************************
*                                                                             *
*                        Exception Analysis                                   *
*                                                                             *
*******************************************************************************


KEY_VALUES_STRING: 1

    Key  : AV.Type
    Value: Write

    Key  : Analysis.CPU.mSec
    Value: 734

    Key  : Analysis.Elapsed.mSec
    Value: 48900

    Key  : Analysis.IO.Other.Mb
    Value: 11

    Key  : Analysis.IO.Read.Mb
    Value: 1

    Key  : Analysis.IO.Write.Mb
    Value: 55

    Key  : Analysis.Init.CPU.mSec
    Value: 640

    Key  : Analysis.Init.Elapsed.mSec
    Value: 25896

    Key  : Analysis.Memory.CommitPeak.Mb
    Value: 485

    Key  : Analysis.Version.DbgEng
    Value: 10.0.29617.1000

    Key  : Analysis.Version.Description
    Value: 10.2604.29.1 x86fre

    Key  : Analysis.Version.Ext
    Value: 1.2604.29.1

    Key  : Failure.Bucket
    Value: INVALID_POINTER_WRITE_c0000005_GameAssembly.dll!Unknown

    Key  : Failure.Exception.Code
    Value: 0xc0000005

    Key  : Failure.Exception.IP.Address
    Value: 0x642bf8f0

    Key  : Failure.Exception.IP.Module
    Value: GameAssembly

    Key  : Failure.Exception.IP.Offset
    Value: 0x256f8f0

    Key  : Failure.Hash
    Value: {a2a11170-6902-db49-6c05-08a0e1e2ed8a}

    Key  : Failure.ProblemClass.Primary
    Value: INVALID_POINTER_WRITE

    Key  : Faulting.IP.Type
    Value: Paged

    Key  : Timeline.OS.Boot.DeltaSec
    Value: 1051

    Key  : Timeline.Process.Start.DeltaSec
    Value: 86

    Key  : WER.OS.Branch
    Value: ge_release

    Key  : WER.OS.Version
    Value: 10.0.26100.1

    Key  : WER.Process.Version
    Value: 2022.3.62.9212


FILE_IN_CAB:  GbDump.GbS.1784127121.dmp

CONTEXT:  (.ecxr)
eax=0000007d ebx=0000005a ecx=0000007d edx=0efe2810 esi=5e1de800 edi=55554720
eip=642bf8f0 esp=0019edfc ebp=0019ee18 iopl=0         nv up ei pl nz ac pe nc
cs=0023  ss=002b  ds=002b  es=002b  fs=0053  gs=002b             efl=00010216
GameAssembly!BrotliDecoderIsFinished+0x2011950:
642bf8f0 c781980000000f270000 mov dword ptr [ecx+98h],270Fh ds:002b:00000115=????????
Resetting default scope

EXCEPTION_RECORD:  (.exr -1)
ExceptionAddress: 642bf8f0 (GameAssembly!BrotliDecoderIsFinished+0x02011950)
   ExceptionCode: c0000005 (Access violation)
  ExceptionFlags: 00000000
NumberParameters: 2
   Parameter[0]: 00000001
   Parameter[1]: 00000115
Attempt to write to address 00000115

PROCESS_NAME:  dmmdzz.exe

WRITE_ADDRESS:  00000115 

ERROR_CODE: (NTSTATUS) 0xc0000005 - 0x%p            0x%p                    %s

EXCEPTION_CODE_STR:  c0000005

EXCEPTION_PARAMETER1:  00000001

EXCEPTION_PARAMETER2:  00000115

STACK_TEXT:  
WARNING: Stack unwind information not available. Following frames may be wrong.
0019ee18 63c1f0d3     55554720 0000005a 0ab1f440 GameAssembly!BrotliDecoderIsFinished+0x2011950
0019ee3c 642c4b9e     5e1de800 0000005a 00000001 GameAssembly!BrotliDecoderIsFinished+0x1971133
0019ee84 642bd1e2     55554720 55040c00 0000005a GameAssembly!BrotliDecoderIsFinished+0x2016bfe
0019eeb8 61d65c37     55554720 55040c00 0000005a GameAssembly!BrotliDecoderIsFinished+0x200f242
0019eed8 642c2118     0000000f 55554720 55040c00 GameAssembly!mono_thread_suspend_all_other_threads+0x587
0019ef0c 61d63876     55554720 00000001 000003f3 GameAssembly!BrotliDecoderIsFinished+0x2014178
0019ef28 64125b1c     0000000e 55554720 00000001 GameAssembly+0x13876
0019ef54 64125df5     5df328c0 00000000 00000000 GameAssembly!BrotliDecoderIsFinished+0x1e77b7c
0019ef70 61d63843     5df328c0 00000000 00000000 GameAssembly!BrotliDecoderIsFinished+0x1e77e55
0019ef88 642c2c1f     0000002b 5df328c0 00000000 GameAssembly+0x13843
0019efb0 61fb761c     55554720 0ab1e810 0019efe8 GameAssembly!BrotliDecoderIsFinished+0x2014c7f
0019efc0 620b6272     642c26c0 0ab1e810 55554720 GameAssembly!mono_class_is_valuetype+0x19fa6c
0019efe8 620b5dc2     0ab1e810 55554720 0019f100 GameAssembly!il2cpp_class_is_interface+0x5002
0019f01c 68e9b6e6     0ab1e810 55554720 0019f100 GameAssembly!il2cpp_class_is_interface+0x4b52
0019f040 68e9f8e0     0ab1e810 55554720 0019f098 unityplayer+0x59b6e6
0019f074 68eb393b     0019f094 0019f098 00000000 unityplayer+0x59f8e0
0019f18c 68eb39c9     00000000 06b22540 55554720 unityplayer+0x5b393b
0019f1a0 68eb39d7     00000000 68c6e35b 00000000 unityplayer+0x5b39c9
0019f1d8 68d7dab5     00000044 11b86db8 111eabec unityplayer+0x5b39d7
0019f370 68d7deb2     08fbbfe0 00002dee 770d6100 unityplayer+0x47dab5
0019f508 68f00f00     770d2490 770da8e0 770d61d0 unityplayer+0x47deb2
0019f6a0 68f028b9     00000000 0000000a 00000000 unityplayer+0x600f00
0019f6d8 68f04b3e     00000000 0000000a 00000000 unityplayer+0x6028b9
001afe70 68f04d55     00796cb8 0000000a 0000000a unityplayer+0x604b3e
001afe84 00401014     00400000 00000000 00796cb8 unityplayer!UnityMain+0x15
001afe9c 004011d8     00400000 00000000 00796cb8 dmmdzz+0x1014
001aff70 004a11ae     76ea5d49 003bc000 76ea5d30 dmmdzz+0x11d8
001aff74 76ea5d49     003bc000 76ea5d30 001affdc dmmdzz!AmdPowerXpressRequestHighPerformance+0x8d1aa
004a11ae 30ca0c66     c7159808 04aedc25 a18a788f KERNEL32!BaseThreadInitThunk+0x19
004a11b6 04aedc25     a18a788f 58980c6b 9c904ad8 0x30ca0c66
004a11ba a18a788f     58980c6b 9c904ad8 88eb50d2 0x4aedc25
004a11be 58980c6b     9c904ad8 88eb50d2 15323455 0xa18a788f
004a11c2 9c904ad8     88eb50d2 15323455 8f7ce0c5 nvwgf2um!NVDEV_Thunk+0x6c508b
004a11c6 88eb50d2     15323455 8f7ce0c5 4a33208d 0x9c904ad8
004a11ca 15323455     8f7ce0c5 4a33208d 9116f907 0x88eb50d2
004a11ce 8f7ce0c5     4a33208d 9116f907 df843d9c 0x15323455
004a11d2 4a33208d     9116f907 df843d9c 52f75c2c nvd3dum+0x50e0c5
004a11d6 9116f907     df843d9c 52f75c2c 5ccf7daf 0x4a33208d
004a11da df843d9c     52f75c2c 5ccf7daf bc51cd1d nvd3dum!SetDependencyInfo+0x927257
004a11de 52f75c2c     5ccf7daf bc51cd1d acef178c 0xdf843d9c
004a11e2 5ccf7daf     bc51cd1d acef178c 5cc99698 0x52f75c2c
004a11e6 bc51cd1d     acef178c 5cc99698 a0750708 0x5ccf7daf
004a11ea acef178c     5cc99698 a0750708 e5fb01af 0xbc51cd1d
004a11ee 5cc99698     a0750708 e5fb01af 0000898f 0xacef178c
004a11f2 a0750708     e5fb01af 0000898f 00000000 0x5cc99698
004a11f6 e5fb01af     0000898f 00000000 00000000 0xa0750708
a0750708 00000000     00000000 00000000 00000000 0xe5fb01af


STACK_COMMAND: ~0s; .ecxr ; kb

IP_IN_PAGED_CODE: 
GameAssembly!BrotliDecoderIsFinished+2011950
642bf8f0 c781980000000f270000 mov dword ptr [ecx+98h],270Fh

SYMBOL_NAME:  GameAssembly+256f8f0

MODULE_NAME: GameAssembly

IMAGE_NAME:  GameAssembly.dll

FAILURE_BUCKET_ID:  INVALID_POINTER_WRITE_c0000005_GameAssembly.dll!Unknown

OS_VERSION:  10.0.26100.1

BUILDLAB_STR:  ge_release

OSPLATFORM_TYPE:  x86

OSNAME:  Windows 10

FAILURE_ID_HASH:  {a2a11170-6902-db49-6c05-08a0e1e2ed8a}

Followup:     MachineOwner
---------